C51 COMPILER V9.54   MATRIXKEY                                                             07/16/2025 16:16:43 PAGE 1   


C51 COMPILER V9.54, COMPILATION OF MODULE MATRIXKEY
OBJECT MODULE PLACED IN .\Objects\MatrixKey.obj
COMPILER INVOKED BY: E:\DanPianji\Keil5_51\C51\BIN\C51.EXE MatrixKey.c OPTIMIZE(8,SPEED) BROWSE DEBUG OBJECTEXTEND PRINT
                    -(.\Listings\MatrixKey.lst) OBJECT(.\Objects\MatrixKey.obj)

line level    source

   1          #include <REGX52.H>
   2          #include "Delay.h"
   3          
   4          /**
   5            * @brief 矩阵键盘读取按键
   6            * @param 无
   7            * @retval KeyNumber 按下按键的键码值
   8            */
   9          unsigned char MatrixKey()
  10          {
  11   1              unsigned char KeyNumber=0;
  12   1              P1=0xFF;
  13   1              P1_3=0;
  14   1              if(P1_7==0){Delay(20);while(P1_7==0);Delay(20);KeyNumber=1;}
  15   1              if(P1_6==0){Delay(20);while(P1_6==0);Delay(20);KeyNumber=5;}
  16   1              if(P1_5==0){Delay(20);while(P1_5==0);Delay(20);KeyNumber=9;}
  17   1              if(P1_4==0){Delay(20);while(P1_4==0);Delay(20);KeyNumber=13;}
  18   1              
  19   1              P1=0xFF;
  20   1              P1_2=0;
  21   1              if(P1_7==0){Delay(20);while(P1_7==0);Delay(20);KeyNumber=2;}
  22   1              if(P1_6==0){Delay(20);while(P1_6==0);Delay(20);KeyNumber=6;}
  23   1              if(P1_5==0){Delay(20);while(P1_5==0);Delay(20);KeyNumber=10;}
  24   1              if(P1_4==0){Delay(20);while(P1_4==0);Delay(20);KeyNumber=14;}
  25   1              
  26   1              P1=0xFF;
  27   1              P1_1=0;
  28   1              if(P1_7==0){Delay(20);while(P1_7==0);Delay(20);KeyNumber=3;}
  29   1              if(P1_6==0){Delay(20);while(P1_6==0);Delay(20);KeyNumber=7;}
  30   1              if(P1_5==0){Delay(20);while(P1_5==0);Delay(20);KeyNumber=11;}
  31   1              if(P1_4==0){Delay(20);while(P1_4==0);Delay(20);KeyNumber=15;}
  32   1              
  33   1              P1=0xFF;
  34   1              P1_0=0;
  35   1              if(P1_7==0){Delay(20);while(P1_7==0);Delay(20);KeyNumber=4;}
  36   1              if(P1_6==0){Delay(20);while(P1_6==0);Delay(20);KeyNumber=8;}
  37   1              if(P1_5==0){Delay(20);while(P1_5==0);Delay(20);KeyNumber=12;}
  38   1              if(P1_4==0){Delay(20);while(P1_4==0);Delay(20);KeyNumber=16;}
  39   1              
  40   1              return KeyNumber;
  41   1      }


MODULE INFORMATION:   STATIC OVERLAYABLE
   CODE SIZE        =    393    ----
   CONSTANT SIZE    =   ----    ----
   XDATA SIZE       =   ----    ----
   PDATA SIZE       =   ----    ----
   DATA SIZE        =   ----       1
   IDATA SIZE       =   ----    ----
   BIT SIZE         =   ----    ----
END OF MODULE INFORMATION.


C51 COMPILATION COMPLETE.  0 WARNING(S),  0 ERROR(S)
