C51 COMPILER V9.54   MAIN                                                                  07/16/2025 17:31:23 PAGE 1   


C51 COMPILER V9.54, COMPILATION OF MODULE MAIN
OBJECT MODULE PLACED IN .\Objects\main.obj
COMPILER INVOKED BY: E:\DanPianji\Keil5_51\C51\BIN\C51.EXE main.c OPTIMIZE(8,SPEED) BROWSE DEBUG OBJECTEXTEND PRINT(.\Li
                    -stings\main.lst) OBJECT(.\Objects\main.obj)

line level    source

   1          #include <REGX52.H>
   2          #include "Delay.h"
   3          #include "LCD1602.h"
   4          #include "MatrixKey.h"
   5          
   6          unsigned char KeyNum;
   7          unsigned int Password,Count;
   8          
   9          void main()
  10          {
  11   1              LCD_Init();
  12   1              LCD_ShowString(1,1,"Password:");
  13   1              while(1)
  14   1              {
  15   2                      KeyNum=MatrixKey();
  16   2                      if (KeyNum)
  17   2                      {
  18   3                              if(KeyNum<=10)
  19   3                              {
  20   4                                      if (Count<4)
  21   4                                      {
  22   5                                              Password*=10;        //密码左移一位
  23   5                                              Password+=KeyNum%10; //获取一位密码
  24   5                                              Count++;
  25   5                                      }
  26   4                                      LCD_ShowNum(2,1,Password,4); //更新显示
  27   4                              }
  28   3                              
  29   3                              if(KeyNum==13) //确认
  30   3                              {
  31   4                                      if(Password==1112)
  32   4                                      {
  33   5                                              LCD_ShowString(1,12,"OK"); //显示OK
  34   5                                              Password=0; //密码归零
  35   5                                              Count=0;    //计次清零
  36   5                                              LCD_ShowNum(2,1,Password,4); //更新显示
  37   5                                      }
  38   4                                      else
  39   4                                      {
  40   5                                              LCD_ShowString(1,12,"ERR"); //显示ERR
  41   5                                              Password=0; //密码归零
  42   5                                              Count=0;    //计次清零
  43   5                                              LCD_ShowNum(2,1,Password,4); //更新显示
  44   5                                      }
  45   4                              }
  46   3                              
  47   3                              if(KeyNum==14) //退格
  48   3                              {
  49   4                                      if(Count>0) //只有已经输入才执行退格
  50   4                                      {
  51   5                                              Password/=10;  //删除最后一数字
  52   5                                              Count--;         //计数器减1
  53   5                                      }
  54   4                                      else //没有输入或已是空密码
C51 COMPILER V9.54   MAIN                                                                  07/16/2025 17:31:23 PAGE 2   

  55   4                                      {
  56   5                                              Password=0;    //密码归零
  57   5                                              Count=0;       //计次清零
  58   5                                      }
  59   4                                      LCD_ShowNum(2,1,Password,4); //更新显示
  60   4                              }
  61   3                              
  62   3                              if(KeyNum==15) //删除清空
  63   3                              {
  64   4                                      Password=0; //密码归零
  65   4                                      Count=0;    //计次清零
  66   4                                      LCD_ShowNum(2,1,Password,4); //更新显示
  67   4                              }
  68   3                      }
  69   2              }
  70   1      }


MODULE INFORMATION:   STATIC OVERLAYABLE
   CODE SIZE        =    254    ----
   CONSTANT SIZE    =     17    ----
   XDATA SIZE       =   ----    ----
   PDATA SIZE       =   ----    ----
   DATA SIZE        =      5    ----
   IDATA SIZE       =   ----    ----
   BIT SIZE         =   ----    ----
END OF MODULE INFORMATION.


C51 COMPILATION COMPLETE.  0 WARNING(S),  0 ERROR(S)
