C51 COMPILER V9.54   MAIN                                                                  07/14/2025 16:46:15 PAGE 1   


C51 COMPILER V9.54, COMPILATION OF MODULE MAIN
OBJECT MODULE PLACED IN .\Objects\main.obj
COMPILER INVOKED BY: E:\DanPianji\Keil5_51\C51\BIN\C51.EXE main.c OPTIMIZE(8,SPEED) BROWSE DEBUG OBJECTEXTEND PRINT(.\Li
                    -stings\main.lst) TABS(2) OBJECT(.\Objects\main.obj)

line level    source

   1          #include <REGX52.H>
   2          
   3          void Delay1ms(unsigned int t)   //@11.0592MHz
   4          {
   5   1        unsigned char i, j;
   6   1        while(t)
   7   1        {
   8   2          i = 11;
   9   2          j = 190;
  10   2          do
  11   2          {
  12   3            while (--j);
  13   3          } while (--i);
  14   2          t--;
  15   2        }
  16   1      }
  17          
  18          void main()
  19          {
  20   1        P2=0xFE;//1111 1110
  21   1        Delay1ms(50); 
  22   1          
  23   1        P2=0xFD;//1111 1101
  24   1        Delay1ms(50);   
  25   1          
  26   1        P2=0xFB;//1111 1011
  27   1        Delay1ms(50); 
  28   1          
  29   1        P2=0xF7;//1111 0111
  30   1        Delay1ms(50); 
  31   1          
  32   1        P2=0xEF;//1110 1111 
  33   1        Delay1ms(50); 
  34   1          
  35   1        P2=0xDF;//1101 1111
  36   1        Delay1ms(50); 
  37   1          
  38   1        P2=0xBF;//1011 1111
  39   1        Delay1ms(50); 
  40   1          
  41   1        P2=0x7F;//0111 1111
  42   1        Delay1ms(50); 
  43   1      }


MODULE INFORMATION:   STATIC OVERLAYABLE
   CODE SIZE        =     76    ----
   CONSTANT SIZE    =   ----    ----
   XDATA SIZE       =   ----    ----
   PDATA SIZE       =   ----    ----
   DATA SIZE        =   ----    ----
   IDATA SIZE       =   ----    ----
   BIT SIZE         =   ----    ----
END OF MODULE INFORMATION.

C51 COMPILER V9.54   MAIN                                                                  07/14/2025 16:46:15 PAGE 2   


C51 COMPILATION COMPLETE.  0 WARNING(S),  0 ERROR(S)
