C51 COMPILER V9.54   MAIN                                                                  07/22/2025 17:26:33 PAGE 1   


C51 COMPILER V9.54, COMPILATION OF MODULE MAIN
OBJECT MODULE PLACED IN .\Objects\main.obj
COMPILER INVOKED BY: E:\DanPianji\Keil5_51\C51\BIN\C51.EXE main.c OPTIMIZE(8,SPEED) BROWSE DEBUG OBJECTEXTEND PRINT(.\Li
                    -stings\main.lst) OBJECT(.\Objects\main.obj)

line level    source

   1          #include <REGX52.H>
   2          #include "Delay.h"
   3          #include "MatrixLED.h"
   4          
   5          ////动画数据--笑脸
   6          //unsigned char code Animation[]={
   7          //      0x3C,0x42,0xA9,0x85,0x85,0xA9,0x42,0x3C,
   8          //      0x3C,0x42,0xA1,0x85,0x85,0xA1,0x42,0x3C,
   9          //      0x3C,0x42,0xA5,0x89,0x89,0xA5,0x42,0x3C,
  10          //};
  11          
  12          //动画数据--AWAS
  13          unsigned char code Animation[]={
  14                  0x00,0x00,0x00,0x00,0x00,0x00,0x00,0x00,
  15                  0x00,0x3C,0x50,0x3C,0x00,0x78,0x04,0x78,
  16                  0x04,0x78,0x00,0x3C,0x50,0x3C,0x00,0x74,
  17                  0x54,0x5C,0x00,0x04,0x00,0x74,0x54,0x5C,
  18                  0x00,0x00,0x44,0x7C,0x04,0x00,0x00,0x00,
  19                  0x00,0x00,0x00,0x00,0x00,0x00,0x00,0x00
  20          };
  21          
  22          void main()
  23          {
  24   1              unsigned char i,Offset=0,Count=0;
  25   1              MatrixLED_Init();
  26   1              while(1)
  27   1              {
  28   2                      for(i=0;i<8;i++)        //循环8次，显示8列数据
  29   2                      {
  30   3                              MatrixLED_ShowColumn(i,Animation[i+Offset]);
  31   3                      }
  32   2                      Count++;                        //计次延时
  33   2                      if(Count>20)
  34   2                      {
  35   3                              Count=0;
  36   3                              Offset++;               
  37   3                              if(Offset>40)
  38   3                              {
  39   4                                      Offset=0;
  40   4                              }
  41   3                      }
  42   2              }
  43   1      }


MODULE INFORMATION:   STATIC OVERLAYABLE
   CODE SIZE        =     62    ----
   CONSTANT SIZE    =     48    ----
   XDATA SIZE       =   ----    ----
   PDATA SIZE       =   ----    ----
   DATA SIZE        =   ----       3
   IDATA SIZE       =   ----    ----
   BIT SIZE         =   ----    ----
END OF MODULE INFORMATION.

C51 COMPILER V9.54   MAIN                                                                  07/22/2025 17:26:33 PAGE 2   


C51 COMPILATION COMPLETE.  0 WARNING(S),  0 ERROR(S)
