C51 COMPILER V9.54   MAIN                                                                  07/15/2025 14:34:56 PAGE 1   


C51 COMPILER V9.54, COMPILATION OF MODULE MAIN
OBJECT MODULE PLACED IN .\Objects\main.obj
COMPILER INVOKED BY: E:\DanPianji\Keil5_51\C51\BIN\C51.EXE main.c OPTIMIZE(8,SPEED) BROWSE DEBUG OBJECTEXTEND PRINT(.\Li
                    -stings\main.lst) OBJECT(.\Objects\main.obj)

line level    source

   1          #include <REGX52.H>
   2          unsigned char LEDNum=0;
   3          
   4          void Delay(unsigned int t);     
   5          
   6          void main()
   7          {
   8   1              P2=0xFE;
   9   1              while(1)
  10   1              {
  11   2                      //ÓÒÒÆ
  12   2                      if(P3_0==0)
  13   2                      {
  14   3                              Delay(20);
  15   3                              while(P3_0==0);
  16   3                              Delay(20);
  17   3                              
  18   3                              LEDNum++;
  19   3                              if(LEDNum>=8)
  20   3                              LEDNum=0;
  21   3                      
  22   3                              P2=~(0x01<<LEDNum); // 0x01----0000 0001
  23   3                      }
  24   2                      
  25   2                      //×óÒÆ
  26   2                      if(P3_1==0)
  27   2                      {
  28   3                              Delay(20);
  29   3                              while(P3_1==0);
  30   3                              Delay(20);
  31   3                              
  32   3                              if(LEDNum==0)
  33   3                                      LEDNum=7;
  34   3                              else
  35   3                                      LEDNum--;
  36   3                              
  37   3                              P2=~(0x01<<LEDNum);
  38   3                      }
  39   2              }
  40   1      }
  41          
  42          void Delay(unsigned int t)              //@11.0592MHz
  43          {
  44   1              unsigned char i, j;
  45   1      
  46   1              while(t--)
  47   1              {
  48   2                      i = 11;
  49   2                      j = 190;
  50   2                      do
  51   2                      {
  52   3                              while (--j);
  53   3                      } while (--i);
  54   2              }
C51 COMPILER V9.54   MAIN                                                                  07/15/2025 14:34:56 PAGE 2   

  55   1      }


MODULE INFORMATION:   STATIC OVERLAYABLE
   CODE SIZE        =    109    ----
   CONSTANT SIZE    =   ----    ----
   XDATA SIZE       =   ----    ----
   PDATA SIZE       =   ----    ----
   DATA SIZE        =      1    ----
   IDATA SIZE       =   ----    ----
   BIT SIZE         =   ----    ----
END OF MODULE INFORMATION.


C51 COMPILATION COMPLETE.  0 WARNING(S),  0 ERROR(S)
