C51 COMPILER V9.54   MAIN                                                                  07/18/2025 16:00:13 PAGE 1   


C51 COMPILER V9.54, COMPILATION OF MODULE MAIN
OBJECT MODULE PLACED IN .\Objects\main.obj
COMPILER INVOKED BY: E:\DanPianji\Keil5_51\C51\BIN\C51.EXE main.c OPTIMIZE(8,SPEED) BROWSE DEBUG OBJECTEXTEND PRINT(.\Li
                    -stings\main.lst) OBJECT(.\Objects\main.obj)

line level    source

   1          #include <REGX52.H>
   2          #include "Timer0.h"
   3          #include "Key.h"
   4          #include <INTRINS.H>
   5          
   6          
   7          unsigned char KeyNum, LEDMode;
   8          void main()
   9          {
  10   1              P2=0xFE;
  11   1              Timer0_Init();
  12   1              while(1)
  13   1              {
  14   2                      KeyNum=Key();
  15   2                      if(KeyNum)
  16   2                      {
  17   3      //                      if(KeyNum==1) P2_1=~P2_1;
  18   3      //                      if(KeyNum==2) P2_2=~P2_2;
  19   3      //                      if(KeyNum==3) P2_3=~P2_3;
  20   3      //                      if(KeyNum==4) P2_4=~P2_4;
  21   3                              
  22   3                              if(KeyNum==1)
  23   3                              {
  24   4                                      LEDMode++;
  25   4                                      if(LEDMode>=2)LEDMode=0;
  26   4                              }
  27   3                      }
  28   2              }
  29   1      }
  30          
  31          void Timer0_Routine() interrupt 1
  32          {
  33   1              static unsigned int T0Count;
  34   1              TL0 = 0x18;             //设置定时初值
  35   1              TH0 = 0xFC;             //设置定时初值
  36   1              T0Count++;
  37   1              if (T0Count>=500)
  38   1              {
  39   2                      T0Count=0;
  40   2      //              P2_0=~P2_0;
  41   2                      if(LEDMode==0)
  42   2                              P2=_crol_(P2,1);
  43   2                      if(LEDMode==1)
  44   2                              P2=_cror_(P2,1);
  45   2              }
  46   1      }


MODULE INFORMATION:   STATIC OVERLAYABLE
   CODE SIZE        =    116    ----
   CONSTANT SIZE    =   ----    ----
   XDATA SIZE       =   ----    ----
   PDATA SIZE       =   ----    ----
   DATA SIZE        =      4    ----
C51 COMPILER V9.54   MAIN                                                                  07/18/2025 16:00:13 PAGE 2   

   IDATA SIZE       =   ----    ----
   BIT SIZE         =   ----    ----
END OF MODULE INFORMATION.


C51 COMPILATION COMPLETE.  0 WARNING(S),  0 ERROR(S)
