C51 COMPILER V9.54   MAIN                                                                  07/14/2025 17:15:06 PAGE 1   


C51 COMPILER V9.54, COMPILATION OF MODULE MAIN
OBJECT MODULE PLACED IN .\Objects\main.obj
COMPILER INVOKED BY: E:\DanPianji\Keil5_51\C51\BIN\C51.EXE main.c OPTIMIZE(8,SPEED) BROWSE DEBUG OBJECTEXTEND PRINT(.\Li
                    -stings\main.lst) OBJECT(.\Objects\main.obj)

line level    source

   1          #include <REGX52.H>
   2          
   3          void main()
   4          {
   5   1              P2_0=0; 
   6   1              P2_0=1;
   7   1              while(1)
   8   1              {
   9   2                      if(P3_1==0 || P3_0==0)
  10   2                      {
  11   3                              P2_0=0; 
  12   3                      }
  13   2                      else
  14   2                      {
  15   3                              P2_0=1;
  16   3                      }
  17   2              }
  18   1      }


MODULE INFORMATION:   STATIC OVERLAYABLE
   CODE SIZE        =     18    ----
   CONSTANT SIZE    =   ----    ----
   XDATA SIZE       =   ----    ----
   PDATA SIZE       =   ----    ----
   DATA SIZE        =   ----    ----
   IDATA SIZE       =   ----    ----
   BIT SIZE         =   ----    ----
END OF MODULE INFORMATION.


C51 COMPILATION COMPLETE.  0 WARNING(S),  0 ERROR(S)
