C51 COMPILER V9.54   DELAY                                                                 07/24/2025 09:33:51 PAGE 1   


C51 COMPILER V9.54, COMPILATION OF MODULE DELAY
OBJECT MODULE PLACED IN .\Objects\Delay.obj
COMPILER INVOKED BY: E:\DanPianji\Keil5_51\C51\BIN\C51.EXE Delay.c OPTIMIZE(8,SPEED) BROWSE DEBUG OBJECTEXTEND PRINT(.\L
                    -istings\Delay.lst) OBJECT(.\Objects\Delay.obj)

line level    source

   1          #include <REGX52.H>
   2          
   3          void Delay(unsigned int xms)
   4          {
   5   1              unsigned char i, j;
   6   1              while(xms--)
   7   1              {
   8   2                      i = 2;
   9   2                      j = 239;
  10   2                      do
  11   2                      {
  12   3                              while (--j);
  13   3                      } while (--i);
  14   2              }
  15   1      }
  16          


MODULE INFORMATION:   STATIC OVERLAYABLE
   CODE SIZE        =     21    ----
   CONSTANT SIZE    =   ----    ----
   XDATA SIZE       =   ----    ----
   PDATA SIZE       =   ----    ----
   DATA SIZE        =   ----    ----
   IDATA SIZE       =   ----    ----
   BIT SIZE         =   ----    ----
END OF MODULE INFORMATION.


C51 COMPILATION COMPLETE.  0 WARNING(S),  0 ERROR(S)
