C51 COMPILER V9.54   TIMER0                                                                07/24/2025 09:57:50 PAGE 1   


C51 COMPILER V9.54, COMPILATION OF MODULE TIMER0
OBJECT MODULE PLACED IN .\Objects\Timer0.obj
COMPILER INVOKED BY: E:\DanPianji\Keil5_51\C51\BIN\C51.EXE Timer0.c OPTIMIZE(8,SPEED) BROWSE DEBUG OBJECTEXTEND PRINT(.\
                    -Listings\Timer0.lst) OBJECT(.\Objects\Timer0.obj)

line level    source

   1          #include <REGX52.H>
   2          
   3          /**
   4            * @brief 定时器0初始化，//100微秒@11.0592MHz
   5            * @param 无
   6            * @retval 无
   7            */
   8          
   9          void Timer0_Init(void)
  10          {
  11   1              TMOD&=0xF0; //把TMOD的低四位清零，高四位保持不变
  12   1              TMOD|=0x01; //把TMOD的最低位置1，高四位保持不变
  13   1              TL0 = 0xA4;             //设置定时初值
  14   1              TH0 = 0xFF;             //设置定时初值
  15   1              
  16   1              TF0 = 0;                //清除TF0标志
  17   1              TR0 = 1;                //定时器0开始计时
  18   1              
  19   1              ET0=1;
  20   1              EA=1;
  21   1              PT0=0;
  22   1      }


MODULE INFORMATION:   STATIC OVERLAYABLE
   CODE SIZE        =     23    ----
   CONSTANT SIZE    =   ----    ----
   XDATA SIZE       =   ----    ----
   PDATA SIZE       =   ----    ----
   DATA SIZE        =   ----    ----
   IDATA SIZE       =   ----    ----
   BIT SIZE         =   ----    ----
END OF MODULE INFORMATION.


C51 COMPILATION COMPLETE.  0 WARNING(S),  0 ERROR(S)
