C51 COMPILER V9.54   MAIN                                                                  07/15/2025 09:58:59 PAGE 1   


C51 COMPILER V9.54, COMPILATION OF MODULE MAIN
OBJECT MODULE PLACED IN .\Objects\main.obj
COMPILER INVOKED BY: E:\DanPianji\Keil5_51\C51\BIN\C51.EXE main.c OPTIMIZE(8,SPEED) BROWSE DEBUG OBJECTEXTEND PRINT(.\Li
                    -stings\main.lst) OBJECT(.\Objects\main.obj)

line level    source

   1          #include <REGX52.H>
   2          
   3          void Delay(unsigned int t)              //@11.0592MHz
   4          {
   5   1              unsigned char i, j;
   6   1      
   7   1              while(t--)
   8   1              {
   9   2                      i = 11;
  10   2                      j = 190;
  11   2                      do
  12   2                      {
  13   3                              while (--j);
  14   3                      } while (--i);
  15   2              }
  16   1      }
  17          
  18          void main()
  19          {
  20   1              unsigned char LEDNum=0;
  21   1              while(1)
  22   1              {
  23   2                      if(P3_1==0)
  24   2                      {
  25   3                              Delay(20);
  26   3                              while(P3_1==0);
  27   3                              Delay(20);
  28   3      //                      //P2³õÊ¼×´Ì¬ 1111 1111
  29   3      //                      P2++; // 0000 0000
  30   3                              
  31   3      //                      LEDNum++;
  32   3      //                      P2=~LEDNum;
  33   3                              P2--;
  34   3                      }
  35   2              }
  36   1      }
  37          
  38          --0000 0001----1
*** ERROR C141 IN LINE 38 OF main.c: syntax error near '--'
  39          ~1111 1110
  40          
  41          --0000 0010----2
  42          ~1111 1101
  43          
  44          --0000 0011----3
  45          ~1111 1100

C51 COMPILATION COMPLETE.  0 WARNING(S),  1 ERROR(S)
