C51 COMPILER V9.54   UART                                                                  07/22/2025 09:41:11 PAGE 1   


C51 COMPILER V9.54, COMPILATION OF MODULE UART
OBJECT MODULE PLACED IN .\Objects\UART.obj
COMPILER INVOKED BY: E:\DanPianji\Keil5_51\C51\BIN\C51.EXE UART.c OPTIMIZE(8,SPEED) BROWSE DEBUG OBJECTEXTEND PRINT(.\Li
                    -stings\UART.lst) OBJECT(.\Objects\UART.obj)

line level    source

   1          #include <REGX52.H>
   2          
   3          /**
   4            * @brief 串口初始化 4800bps@11.0592MHz
   5            * @param 无
   6            * @retval 无
   7            */
   8          void UART_Init()    //4800bps@11.0592MHz
   9          {
  10   1              SCON = 0x50;  //串行控制寄存器（可位寻址） REN=1，允许串行接收状态
  11   1              PCON &= 0x7F; //电源控制寄存器（不可位寻址）
  12   1              
  13   1              TMOD &= 0x0F; //设置定时器模式
  14   1              TMOD |= 0x20; //设置定时器模式
  15   1              
  16   1              TL1 = 0xFA;             //设置定时初值
  17   1              TH1 = 0xFA;             //设置定时重装值
  18   1              
  19   1              ET1 = 0;          //禁止定时器1中断
  20   1              TR1 = 1;          //启动定时器1
  21   1              
  22   1              //使能中断
  23   1              ES=1;
  24   1              EA=1;
  25   1              
  26   1      }
  27          
  28           /**
  29            * @brief 串口发送一个字节数据
  30            * @param Byte 要发送的一个字节数据
  31            * @retval 无
  32            */
  33          void UART_SendByte(unsigned char Byte) 
  34          {
  35   1              SBUF = Byte;
  36   1              while(TI==0);
  37   1              TI=0;
  38   1      }
  39          
  40          //串口中断模板
  41          /*void UART_Routine() interrupt 4
  42          {
  43                  if(RI==1)
  44                  {
  45                          
  46                          RI=0;
  47                  }
  48          }*/


MODULE INFORMATION:   STATIC OVERLAYABLE
   CODE SIZE        =     35    ----
   CONSTANT SIZE    =   ----    ----
   XDATA SIZE       =   ----    ----
C51 COMPILER V9.54   UART                                                                  07/22/2025 09:41:11 PAGE 2   

   PDATA SIZE       =   ----    ----
   DATA SIZE        =   ----    ----
   IDATA SIZE       =   ----    ----
   BIT SIZE         =   ----    ----
END OF MODULE INFORMATION.


C51 COMPILATION COMPLETE.  0 WARNING(S),  0 ERROR(S)
