C51 COMPILER V9.54   MAIN                                                                  07/14/2025 16:26:34 PAGE 1   


C51 COMPILER V9.54, COMPILATION OF MODULE MAIN
OBJECT MODULE PLACED IN .\Objects\main.obj
COMPILER INVOKED BY: E:\DanPianji\Keil5_51\C51\BIN\C51.EXE main.c OPTIMIZE(8,SPEED) BROWSE DEBUG OBJECTEXTEND PRINT(.\Li
                    -stings\main.lst) TABS(2) OBJECT(.\Objects\main.obj)

line level    source

   1          #include <REGX52.H>
   2          #include <INTRINS.H>
   3          /*
   4          void Delay300ms()   //@11.0592MHz
   5          {
   6            unsigned char i, j, k;
   7          
   8            _nop_();
   9            _nop_();
  10            i = 13;
  11            j = 156;
  12            k = 83;
  13            do
  14            {
  15              do
  16              {
  17                while (--k);
  18              } while (--j);
  19            } while (--i);
  20          }*/
  21          
  22          void Delay100ms()   //@11.0592MHz
  23          {
  24   1        unsigned char i, j, k;
  25   1      
  26   1        _nop_();
  27   1        _nop_();
  28   1        i = 5;
  29   1        j = 52;
  30   1        k = 195;
  31   1        do
  32   1        {
  33   2          do
  34   2          {
  35   3            while (--k);
  36   3          } while (--j);
  37   2        } while (--i);
  38   1      }
  39          
  40          
  41          
  42          void main()
  43          {
  44   1        while(1)
  45   1        {
  46   2          P2=0xFE;//1111 1110
  47   2          Delay100ms(); 
  48   2          
  49   2          P2=0xFD;//1111 1101
  50   2          Delay100ms(); 
  51   2          
  52   2          P2=0xFB;//1111 1011
  53   2          Delay100ms(); 
  54   2          
C51 COMPILER V9.54   MAIN                                                                  07/14/2025 16:26:34 PAGE 2   

  55   2          P2=0xF7;//1111 0111
  56   2          Delay100ms(); 
  57   2          
  58   2          P2=0xEF;//1110 1111 
  59   2          Delay100ms(); 
  60   2          
  61   2          P2=0xDF;//1101 1111
  62   2          Delay100ms(); 
  63   2          
  64   2          P2=0xBF;//1011 1111
  65   2          Delay100ms(); 
  66   2          
  67   2          P2=0x7F;//0111 1111
  68   2          Delay100ms(); 
  69   2        }
  70   1      }


MODULE INFORMATION:   STATIC OVERLAYABLE
   CODE SIZE        =     65    ----
   CONSTANT SIZE    =   ----    ----
   XDATA SIZE       =   ----    ----
   PDATA SIZE       =   ----    ----
   DATA SIZE        =   ----    ----
   IDATA SIZE       =   ----    ----
   BIT SIZE         =   ----    ----
END OF MODULE INFORMATION.


C51 COMPILATION COMPLETE.  0 WARNING(S),  0 ERROR(S)
