C51 COMPILER V9.54   MAIN                                                                  07/29/2025 15:47:45 PAGE 1   


C51 COMPILER V9.54, COMPILATION OF MODULE MAIN
OBJECT MODULE PLACED IN .\Objects\main.obj
COMPILER INVOKED BY: E:\DanPianji\Keil5_51\C51\BIN\C51.EXE main.c OPTIMIZE(8,SPEED) BROWSE DEBUG OBJECTEXTEND PRINT(.\Li
                    -stings\main.lst) OBJECT(.\Objects\main.obj)

line level    source

   1          #include <REGX52.H>
   2          #include "LCD1602.h" 
   3          #include "Delay.h" 
   4          
   5          void main()
   6          {
   7   1              LCD_Init();
   8   1              LCD_ShowChar(1, 2, '\\');
   9   1              LCD_ShowString(2, 4, "13");
  10   1              LCD_ShowNum(1, 5, 789, 4);
  11   1              LCD_ShowSignedNum(1, 10, -88, 2);
  12   1              LCD_ShowHexNum(2, 1, 0xA5, 2);
  13   1              LCD_ShowBinNum(2, 7, 0xFE, 8);
  14   1              LCD_ShowChar(1, 14, 0xDF);
  15   1              LCD_ShowChar(1, 15, 0x43);
  16   1              LCD_ShowString(2, 16, "Welcome to China!");
  17   1              while(1)
  18   1              {
  19   2                      LCD_WriteCommand(0x18);
  20   2                      Delay(500);
  21   2              }
  22   1                      
  23   1      }


MODULE INFORMATION:   STATIC OVERLAYABLE
   CODE SIZE        =    126    ----
   CONSTANT SIZE    =     21    ----
   XDATA SIZE       =   ----    ----
   PDATA SIZE       =   ----    ----
   DATA SIZE        =   ----    ----
   IDATA SIZE       =   ----    ----
   BIT SIZE         =   ----    ----
END OF MODULE INFORMATION.


C51 COMPILATION COMPLETE.  0 WARNING(S),  0 ERROR(S)
