C51 COMPILER V9.54   TIMER0                                                                07/19/2025 21:12:24 PAGE 1   


C51 COMPILER V9.54, COMPILATION OF MODULE TIMER0
OBJECT MODULE PLACED IN .\Objects\Timer0.obj
COMPILER INVOKED BY: E:\DanPianji\Keil5_51\C51\BIN\C51.EXE Timer0.c OPTIMIZE(8,SPEED) BROWSE DEBUG OBJECTEXTEND PRINT(.\
                    -Listings\Timer0.lst) OBJECT(.\Objects\Timer0.obj)

line level    source

   1          #include <REGX52.H>
   2          
   3          /**
   4            * @brief 定时器0初始化，//1毫秒@12.000MHz
   5            * @param 无
   6            * @retval 无
   7            */
   8          
   9          void Timer0_Init(void)
  10          {
  11   1              TMOD&=0xF0; //把TMOD的低四位清零，高四位保持不变
  12   1              TMOD|=0x01; //把TMOD的最低位置1，高四位保持不变
  13   1              TL0 = 0x18;             //设置定时初值
  14   1              TH0 = 0xFC;             //设置定时初值
  15   1              TF0 = 0;                //清除TF0标志
  16   1              TR0 = 1;                //定时器0开始计时
  17   1              
  18   1              TH0=64535/256;
  19   1              TH0=64535%256;
  20   1              
  21   1              ET0=1;
  22   1              EA=1;
  23   1              PT0=0;
  24   1      }
  25          
  26          /*定时器中断函数模板
  27          void Timer0_Routine() interrupt 1
  28          {
  29                  static unsigned int T0Count;
  30                  TL0 = 0x18;             //设置定时初值
  31                  TH0 = 0xFC;             //设置定时初值
  32                  T0Count++;
  33                  if (T0Count>=1000)
  34                  {
  35                          T0Count=0;
  36                          P2_0=~P2_0;
  37                  }
  38          }
  39          */


MODULE INFORMATION:   STATIC OVERLAYABLE
   CODE SIZE        =     29    ----
   CONSTANT SIZE    =   ----    ----
   XDATA SIZE       =   ----    ----
   PDATA SIZE       =   ----    ----
   DATA SIZE        =   ----    ----
   IDATA SIZE       =   ----    ----
   BIT SIZE         =   ----    ----
END OF MODULE INFORMATION.


C51 COMPILATION COMPLETE.  0 WARNING(S),  0 ERROR(S)
