C51 COMPILER V9.54   UART                                                                  07/21/2025 16:39:21 PAGE 1   


C51 COMPILER V9.54, COMPILATION OF MODULE UART
OBJECT MODULE PLACED IN .\Objects\UART.obj
COMPILER INVOKED BY: E:\DanPianji\Keil5_51\C51\BIN\C51.EXE UART.c OPTIMIZE(8,SPEED) BROWSE DEBUG OBJECTEXTEND PRINT(.\Li
                    -stings\UART.lst) OBJECT(.\Objects\UART.obj)

line level    source

   1          #include <REGX52.H>
   2          
   3          /**
   4            * @brief 串口初始化 4800bps@11.0592MHz
   5            * @param 无
   6            * @retval 无
   7            */
   8          void UART_Init()    //4800bps@11.0592MHz
   9          {
  10   1              SCON = 0x40;  //串行控制寄存器（可位寻址）
  11   1              PCON = 0x80; //电源控制寄存器（不可位寻址）
  12   1              
  13   1              TMOD &= 0x0F; //设置定时器模式
  14   1              TMOD |= 0x20; //设置定时器模式
  15   1              
  16   1              TL1 = 0xF3;             //设置定时初值
  17   1              TH1 = 0xF3;             //设置定时重装值
  18   1              
  19   1              ET1 = 0;          //禁止定时器1中断
  20   1              TR1 = 1;          //启动定时器1
  21   1      }
  22          
  23           /**
  24            * @brief 串口发送一个字节数据
  25            * @param Byte 要发送的一个字节数据
  26            * @retval 无
  27            */
  28          void UART_SendByte(unsigned char Byte) 
  29          {
  30   1              SBUF = Byte;
  31   1              while(TI==0);
  32   1              TI=0;
  33   1      }


MODULE INFORMATION:   STATIC OVERLAYABLE
   CODE SIZE        =     31    ----
   CONSTANT SIZE    =   ----    ----
   XDATA SIZE       =   ----    ----
   PDATA SIZE       =   ----    ----
   DATA SIZE        =   ----    ----
   IDATA SIZE       =   ----    ----
   BIT SIZE         =   ----    ----
END OF MODULE INFORMATION.


C51 COMPILATION COMPLETE.  0 WARNING(S),  0 ERROR(S)
