C51 COMPILER V9.54   MAIN                                                                  07/15/2025 16:54:03 PAGE 1   


C51 COMPILER V9.54, COMPILATION OF MODULE MAIN
OBJECT MODULE PLACED IN .\Objects\main.obj
COMPILER INVOKED BY: E:\DanPianji\Keil5_51\C51\BIN\C51.EXE main.c OPTIMIZE(8,SPEED) BROWSE DEBUG OBJECTEXTEND PRINT(.\Li
                    -stings\main.lst) OBJECT(.\Objects\main.obj)

line level    source

   1          #include <REGX52.H>
   2          #include <INTRINS.H>
   3          unsigned char  NixieTable[]={0x3F,0x06,0x5B,0x4F,0x66,0x6D,0x7D,0x07,0x7F,0x6F};
   4          
   5          void Delay(unsigned int t)              //@11.0592MHz
   6          {
   7   1              unsigned char i, j;
   8   1      
   9   1              while(t--)
  10   1              {
  11   2                      i = 11;
  12   2                      j = 190;
  13   2                      do
  14   2                      {
  15   3                              while (--j);
  16   3                      } while (--i);
  17   2              }
  18   1      }
  19          
  20          void Nixie(unsigned char Location,Nummber)
  21          {
  22   1              switch(Location)
  23   1              {
  24   2                      case 1:P2_4=1;P2_3=1;P2_2=1;break;
  25   2                      case 2:P2_4=1;P2_3=1;P2_2=0;break;
  26   2                      case 3:P2_4=1;P2_3=0;P2_2=1;break;
  27   2                      case 4:P2_4=1;P2_3=0;P2_2=0;break;
  28   2                      case 5:P2_4=0;P2_3=1;P2_2=1;break;
  29   2                      case 6:P2_4=0;P2_3=1;P2_2=0;break;
  30   2                      case 7:P2_4=0;P2_3=0;P2_2=1;break;
  31   2                      case 8:P2_4=0;P2_3=0;P2_2=0;break;
  32   2              }
  33   1              P0=NixieTable[Nummber];
  34   1              
  35   1              //ÏûÓ°
  36   1              Delay(1);
  37   1              P0=0x00;
  38   1      }
  39          
  40          void main()
  41          {
  42   1              while(1)
  43   1              {
  44   2                      Nixie(1,1);
  45   2                      //Delay(100);
  46   2      
  47   2                      Nixie(2,2);
  48   2                      //Delay(100);
  49   2      
  50   2                      Nixie(3,3);
  51   2                      //Delay(100);
  52   2      
  53   2              }
  54   1      }
C51 COMPILER V9.54   MAIN                                                                  07/15/2025 16:54:03 PAGE 2   



MODULE INFORMATION:   STATIC OVERLAYABLE
   CODE SIZE        =    159    ----
   CONSTANT SIZE    =   ----    ----
   XDATA SIZE       =   ----    ----
   PDATA SIZE       =   ----    ----
   DATA SIZE        =     10    ----
   IDATA SIZE       =   ----    ----
   BIT SIZE         =   ----    ----
END OF MODULE INFORMATION.


C51 COMPILATION COMPLETE.  0 WARNING(S),  0 ERROR(S)
