C51 COMPILER V9.54   MAIN                                                                  07/22/2025 16:48:37 PAGE 1   


C51 COMPILER V9.54, COMPILATION OF MODULE MAIN
OBJECT MODULE PLACED IN .\Objects\main.obj
COMPILER INVOKED BY: E:\DanPianji\Keil5_51\C51\BIN\C51.EXE main.c OPTIMIZE(8,SPEED) BROWSE DEBUG OBJECTEXTEND PRINT(.\Li
                    -stings\main.lst) OBJECT(.\Objects\main.obj)

line level    source

   1          #include <REGX52.H>
   2          #include "Delay.h"
   3          #include "MatrixLED.h"
   4          
   5          void main()
   6          {
   7   1              MatrixLED_Init();
   8   1              while(1)
   9   1              {
  10   2                      MatrixLED_ShowColumn(0, 0x3C);
  11   2                      MatrixLED_ShowColumn(1, 0x42);
  12   2                      MatrixLED_ShowColumn(2, 0xA9);
  13   2                      MatrixLED_ShowColumn(3, 0x85);
  14   2                      MatrixLED_ShowColumn(4, 0x85);
  15   2                      MatrixLED_ShowColumn(5, 0xA9);
  16   2                      MatrixLED_ShowColumn(6, 0x42);
  17   2                      MatrixLED_ShowColumn(7, 0x3C);
  18   2              }
  19   1      }


MODULE INFORMATION:   STATIC OVERLAYABLE
   CODE SIZE        =     77    ----
   CONSTANT SIZE    =   ----    ----
   XDATA SIZE       =   ----    ----
   PDATA SIZE       =   ----    ----
   DATA SIZE        =   ----    ----
   IDATA SIZE       =   ----    ----
   BIT SIZE         =   ----    ----
END OF MODULE INFORMATION.


C51 COMPILATION COMPLETE.  0 WARNING(S),  0 ERROR(S)
