C51 COMPILER V9.54   MATRIXLED                                                             07/22/2025 16:48:37 PAGE 1   


C51 COMPILER V9.54, COMPILATION OF MODULE MATRIXLED
OBJECT MODULE PLACED IN .\Objects\MatrixLED.obj
COMPILER INVOKED BY: E:\DanPianji\Keil5_51\C51\BIN\C51.EXE MatrixLED.c OPTIMIZE(8,SPEED) BROWSE DEBUG OBJECTEXTEND PRINT
                    -(.\Listings\MatrixLED.lst) OBJECT(.\Objects\MatrixLED.obj)

line level    source

   1          #include <REGX52.H>
   2          #include "Delay.h"
   3          
   4          #define Matrix_LED_PORT P0
   5          
   6          sbit RCK = P3^5;    //RCLK
   7          sbit SCK = P3^6;    //SRCLK
   8          sbit SER = P3^4;    //SER
   9          
  10          /**
  11            * @brief 点阵图初始化
  12            * @param 无
  13            * @retval 无
  14            */
  15          void MatrixLED_Init()
  16          {
  17   1              SCK = 0;
  18   1              RCK = 0;
  19   1      }
  20          
  21          /**
  22            * @brief 74HC595写入一个字节
  23            * @param Byte 要写入的字节
  24            * @retval 无
  25            */
  26          void _74HC595_WriteByte(unsigned char Byte)
  27          {
  28   1              unsigned char i = 0;
  29   1              for(i = 0; i < 8; i++)
  30   1              {
  31   2                      SER = Byte & (0x80 >> i) ;
  32   2                      SCK = 1;
  33   2                      SCK = 0;
  34   2              }
  35   1              RCK = 1;
  36   1              RCK = 0;
  37   1      }
  38          
  39          /**
  40            * @brief LED点阵屏显示一列数据
  41            * @param Column 要选择的列（从0开始,0~7,0在最左边）
  42            * @param Data 选择列要显示的数据，高位在上，1为亮，0为熄
  43            * @retval 无
  44            */
  45          void MatrixLED_ShowColumn(unsigned char Column, Data)
  46          {
  47   1              _74HC595_WriteByte(Data);
  48   1              Matrix_LED_PORT = ~(0x80 >> Column);
  49   1              Delay(1);                //消影
  50   1              Matrix_LED_PORT = 0xFF;  //消影
  51   1      }


MODULE INFORMATION:   STATIC OVERLAYABLE
C51 COMPILER V9.54   MATRIXLED                                                             07/22/2025 16:48:37 PAGE 2   

   CODE SIZE        =     84    ----
   CONSTANT SIZE    =   ----    ----
   XDATA SIZE       =   ----    ----
   PDATA SIZE       =   ----    ----
   DATA SIZE        =   ----    ----
   IDATA SIZE       =   ----    ----
   BIT SIZE         =   ----    ----
END OF MODULE INFORMATION.


C51 COMPILATION COMPLETE.  0 WARNING(S),  0 ERROR(S)
